<?xml version="1.0" encoding="UTF-8"?>
<!-- Generated by org.testng.reporters.JUnitReportReporter -->
<testsuite hostname="CIOS-HP4Z3D3-LX" name="firstSeleniumSeleniumPackage.FirstTestNGTest" tests="2" failures="0" timestamp="13 Jul 2022 01:46:14 GMT" time="0.015" errors="0">
  <testcase name="test2" time="0.001" classname="firstSeleniumSeleniumPackage.FirstTestNGTest"/>
  <testcase name="test1" time="0.014" classname="firstSeleniumSeleniumPackage.FirstTestNGTest"/>
</testsuite> <!-- firstSeleniumSeleniumPackage.FirstTestNGTest -->
