<?xml version="1.0" encoding="UTF-8"?>
<!-- Generated by org.testng.reporters.JUnitReportReporter -->
<testsuite hostname="CIOS-HP4Z3D3-LX" name="test.GoogleTest" tests="1" failures="0" timestamp="14 Jul 2022 00:28:38 GMT" time="14.748" errors="0">
  <testcase name="Googletest" time="14.748" classname="test.GoogleTest"/>
</testsuite> <!-- test.GoogleTest -->
